<?xml version="1.0" encoding="UTF-8"?>
<!-- Generated by org.testng.reporters.JUnitReportReporter -->
<testsuite ignored="0" hostname="MEXB1JPN73" failures="0" tests="1" name="testSel.SelTest" time="3.621" errors="0" timestamp="28 Jun 2022 15:31:01 GMT" skipped="0">
  <testcase classname="testSel.SelTest" name="f" time="3.621"/>
</testsuite> <!-- testSel.SelTest -->
